[     448ms] [ERROR] WebSocket connection to 'ws://localhost:8090/ws' failed: Error during WebSocket handshake: Unexpected response code: 404 @ http://localhost:8090/tribe-v2-playground.html:1557
[    1541ms] TypeError: Cannot read properties of null (reading 'appendChild')
    at http://localhost:8090/tribe-v2-playground.html:2013:12
    at Array.forEach (<anonymous>)
    at http://localhost:8090/tribe-v2-playground.html:2000:7
[    1545ms] [ERROR] Failed to load resource: the server responded with a status of 404 (File not found) @ http://localhost:8090/favicon.ico:0
[    2453ms] [ERROR] WebSocket connection to 'ws://localhost:8090/ws' failed: Error during WebSocket handshake: Unexpected response code: 404 @ http://localhost:8090/tribe-v2-playground.html:1557
[    4460ms] [ERROR] WebSocket connection to 'ws://localhost:8090/ws' failed: Error during WebSocket handshake: Unexpected response code: 404 @ http://localhost:8090/tribe-v2-playground.html:1557
[    6465ms] [ERROR] WebSocket connection to 'ws://localhost:8090/ws' failed: Error during WebSocket handshake: Unexpected response code: 404 @ http://localhost:8090/tribe-v2-playground.html:1557
[    8473ms] [ERROR] WebSocket connection to 'ws://localhost:8090/ws' failed: Error during WebSocket handshake: Unexpected response code: 404 @ http://localhost:8090/tribe-v2-playground.html:1557
[   10480ms] [ERROR] WebSocket connection to 'ws://localhost:8090/ws' failed: Error during WebSocket handshake: Unexpected response code: 404 @ http://localhost:8090/tribe-v2-playground.html:1557
[   12495ms] [ERROR] WebSocket connection to 'ws://localhost:8090/ws' failed: Error during WebSocket handshake: Unexpected response code: 404 @ http://localhost:8090/tribe-v2-playground.html:1557
[   14519ms] [ERROR] WebSocket connection to 'ws://localhost:8090/ws' failed: Error during WebSocket handshake: Unexpected response code: 404 @ http://localhost:8090/tribe-v2-playground.html:1557
[   16534ms] [ERROR] WebSocket connection to 'ws://localhost:8090/ws' failed: Error during WebSocket handshake: Unexpected response code: 404 @ http://localhost:8090/tribe-v2-playground.html:1557
[   18566ms] [ERROR] WebSocket connection to 'ws://localhost:8090/ws' failed: Error during WebSocket handshake: Unexpected response code: 404 @ http://localhost:8090/tribe-v2-playground.html:1557
[   20724ms] [ERROR] WebSocket connection to 'ws://localhost:8090/ws' failed: Error during WebSocket handshake: Unexpected response code: 404 @ http://localhost:8090/tribe-v2-playground.html:1557
[   22979ms] [ERROR] WebSocket connection to 'ws://localhost:8090/ws' failed: Error during WebSocket handshake: Unexpected response code: 404 @ http://localhost:8090/tribe-v2-playground.html:1557
[   25276ms] [ERROR] WebSocket connection to 'ws://localhost:8090/ws' failed: Error during WebSocket handshake: Unexpected response code: 404 @ http://localhost:8090/tribe-v2-playground.html:1557
[   27611ms] [ERROR] WebSocket connection to 'ws://localhost:8090/ws' failed: Error during WebSocket handshake: Unexpected response code: 404 @ http://localhost:8090/tribe-v2-playground.html:1557
[   31918ms] [ERROR] WebSocket connection to 'ws://localhost:8090/ws' failed: Error during WebSocket handshake: Unexpected response code: 404 @ http://localhost:8090/tribe-v2-playground.html:1557
[   36709ms] [ERROR] WebSocket connection to 'ws://localhost:8090/ws' failed: Error during WebSocket handshake: Unexpected response code: 404 @ http://localhost:8090/tribe-v2-playground.html:1557
[   41334ms] [ERROR] WebSocket connection to 'ws://localhost:8090/ws' failed: Error during WebSocket handshake: Unexpected response code: 404 @ http://localhost:8090/tribe-v2-playground.html:1557
[   45226ms] [ERROR] WebSocket connection to 'ws://localhost:8090/ws' failed: Error during WebSocket handshake: Unexpected response code: 404 @ http://localhost:8090/tribe-v2-playground.html:1557
[   50678ms] [ERROR] WebSocket connection to 'ws://localhost:8090/ws' failed: Error during WebSocket handshake: Unexpected response code: 404 @ http://localhost:8090/tribe-v2-playground.html:1557
[   57266ms] [ERROR] WebSocket connection to 'ws://localhost:8090/ws' failed: Error during WebSocket handshake: Unexpected response code: 404 @ http://localhost:8090/tribe-v2-playground.html:1557
[   61589ms] [ERROR] Failed to load resource: the server responded with a status of 404 (File not found) @ http://localhost:8090/api/info:0
[   62577ms] [ERROR] WebSocket connection to 'ws://localhost:8090/ws' failed: Error during WebSocket handshake: Unexpected response code: 404 @ http://localhost:8090/tribe-v2-playground.html:1557
[   67635ms] [ERROR] WebSocket connection to 'ws://localhost:8090/ws' failed: Error during WebSocket handshake: Unexpected response code: 404 @ http://localhost:8090/tribe-v2-playground.html:1557
[   71166ms] [ERROR] WebSocket connection to 'ws://localhost:8090/ws' failed: Error during WebSocket handshake: Unexpected response code: 404 @ http://localhost:8090/tribe-v2-playground.html:1557
[   77331ms] [ERROR] WebSocket connection to 'ws://localhost:8090/ws' failed: Error during WebSocket handshake: Unexpected response code: 404 @ http://localhost:8090/tribe-v2-playground.html:1557
[   80424ms] [ERROR] WebSocket connection to 'ws://localhost:8090/ws' failed: Error during WebSocket handshake: Unexpected response code: 404 @ http://localhost:8090/tribe-v2-playground.html:1557
[   83908ms] [ERROR] WebSocket connection to 'ws://localhost:8090/ws' failed: Error during WebSocket handshake: Unexpected response code: 404 @ http://localhost:8090/tribe-v2-playground.html:1557
[   87134ms] [ERROR] WebSocket connection to 'ws://localhost:8090/ws' failed: Error during WebSocket handshake: Unexpected response code: 404 @ http://localhost:8090/tribe-v2-playground.html:1557
[   91334ms] [ERROR] WebSocket connection to 'ws://localhost:8090/ws' failed: Error during WebSocket handshake: Unexpected response code: 404 @ http://localhost:8090/tribe-v2-playground.html:1557
[   96528ms] [ERROR] WebSocket connection to 'ws://localhost:8090/ws' failed: Error during WebSocket handshake: Unexpected response code: 404 @ http://localhost:8090/tribe-v2-playground.html:1557
[  100523ms] [ERROR] WebSocket connection to 'ws://localhost:8090/ws' failed: Error during WebSocket handshake: Unexpected response code: 404 @ http://localhost:8090/tribe-v2-playground.html:1557
[  106815ms] [ERROR] WebSocket connection to 'ws://localhost:8090/ws' failed: Error during WebSocket handshake: Unexpected response code: 404 @ http://localhost:8090/tribe-v2-playground.html:1557
[  111541ms] [ERROR] WebSocket connection to 'ws://localhost:8090/ws' failed: Error during WebSocket handshake: Unexpected response code: 404 @ http://localhost:8090/tribe-v2-playground.html:1557
[  117956ms] [ERROR] WebSocket connection to 'ws://localhost:8090/ws' failed: Error during WebSocket handshake: Unexpected response code: 404 @ http://localhost:8090/tribe-v2-playground.html:1557
[  122161ms] [ERROR] WebSocket connection to 'ws://localhost:8090/ws' failed: Error during WebSocket handshake: Unexpected response code: 404 @ http://localhost:8090/tribe-v2-playground.html:1557
[  127393ms] [ERROR] WebSocket connection to 'ws://localhost:8090/ws' failed: Error during WebSocket handshake: Unexpected response code: 404 @ http://localhost:8090/tribe-v2-playground.html:1557
[  131718ms] [ERROR] WebSocket connection to 'ws://localhost:8090/ws' failed: Error during WebSocket handshake: Unexpected response code: 404 @ http://localhost:8090/tribe-v2-playground.html:1557
[  134974ms] [ERROR] WebSocket connection to 'ws://localhost:8090/ws' failed: Error during WebSocket handshake: Unexpected response code: 404 @ http://localhost:8090/tribe-v2-playground.html:1557
[  140790ms] [ERROR] WebSocket connection to 'ws://localhost:8090/ws' failed: Error during WebSocket handshake: Unexpected response code: 404 @ http://localhost:8090/tribe-v2-playground.html:1557
[  144412ms] [ERROR] WebSocket connection to 'ws://localhost:8090/ws' failed: Error during WebSocket handshake: Unexpected response code: 404 @ http://localhost:8090/tribe-v2-playground.html:1557
[  150695ms] [ERROR] WebSocket connection to 'ws://localhost:8090/ws' failed: Error during WebSocket handshake: Unexpected response code: 404 @ http://localhost:8090/tribe-v2-playground.html:1557
[  155098ms] [ERROR] WebSocket connection to 'ws://localhost:8090/ws' failed: Error during WebSocket handshake: Unexpected response code: 404 @ http://localhost:8090/tribe-v2-playground.html:1557
[  160249ms] [ERROR] WebSocket connection to 'ws://localhost:8090/ws' failed: Error during WebSocket handshake: Unexpected response code: 404 @ http://localhost:8090/tribe-v2-playground.html:1557
[  163730ms] [ERROR] WebSocket connection to 'ws://localhost:8090/ws' failed: Error during WebSocket handshake: Unexpected response code: 404 @ http://localhost:8090/tribe-v2-playground.html:1557
[  167307ms] [ERROR] WebSocket connection to 'ws://localhost:8090/ws' failed: Error during WebSocket handshake: Unexpected response code: 404 @ http://localhost:8090/tribe-v2-playground.html:1557
[  172694ms] [ERROR] WebSocket connection to 'ws://localhost:8090/ws' failed: Error during WebSocket handshake: Unexpected response code: 404 @ http://localhost:8090/tribe-v2-playground.html:1557
[  176393ms] [ERROR] WebSocket connection to 'ws://localhost:8090/ws' failed: Error during WebSocket handshake: Unexpected response code: 404 @ http://localhost:8090/tribe-v2-playground.html:1557
[  180086ms] [ERROR] WebSocket connection to 'ws://localhost:8090/ws' failed: Error during WebSocket handshake: Unexpected response code: 404 @ http://localhost:8090/tribe-v2-playground.html:1557
[  185460ms] [ERROR] WebSocket connection to 'ws://localhost:8090/ws' failed: Error during WebSocket handshake: Unexpected response code: 404 @ http://localhost:8090/tribe-v2-playground.html:1557
[  191267ms] [ERROR] WebSocket connection to 'ws://localhost:8090/ws' failed: Error during WebSocket handshake: Unexpected response code: 404 @ http://localhost:8090/tribe-v2-playground.html:1557
[  197234ms] [ERROR] WebSocket connection to 'ws://localhost:8090/ws' failed: Error during WebSocket handshake: Unexpected response code: 404 @ http://localhost:8090/tribe-v2-playground.html:1557
[  203476ms] [ERROR] WebSocket connection to 'ws://localhost:8090/ws' failed: Error during WebSocket handshake: Unexpected response code: 404 @ http://localhost:8090/tribe-v2-playground.html:1557
[  206857ms] [ERROR] WebSocket connection to 'ws://localhost:8090/ws' failed: Error during WebSocket handshake: Unexpected response code: 404 @ http://localhost:8090/tribe-v2-playground.html:1557
[  212026ms] [ERROR] WebSocket connection to 'ws://localhost:8090/ws' failed: Error during WebSocket handshake: Unexpected response code: 404 @ http://localhost:8090/tribe-v2-playground.html:1557
[  217676ms] [ERROR] WebSocket connection to 'ws://localhost:8090/ws' failed: Error during WebSocket handshake: Unexpected response code: 404 @ http://localhost:8090/tribe-v2-playground.html:1557
[  223647ms] [ERROR] WebSocket connection to 'ws://localhost:8090/ws' failed: Error during WebSocket handshake: Unexpected response code: 404 @ http://localhost:8090/tribe-v2-playground.html:1557
[  229545ms] [ERROR] WebSocket connection to 'ws://localhost:8090/ws' failed: Error during WebSocket handshake: Unexpected response code: 404 @ http://localhost:8090/tribe-v2-playground.html:1557
[  235525ms] [ERROR] WebSocket connection to 'ws://localhost:8090/ws' failed: Error during WebSocket handshake: Unexpected response code: 404 @ http://localhost:8090/tribe-v2-playground.html:1557
[  239974ms] [ERROR] WebSocket connection to 'ws://localhost:8090/ws' failed: Error during WebSocket handshake: Unexpected response code: 404 @ http://localhost:8090/tribe-v2-playground.html:1557
[  241977ms] [ERROR] WebSocket connection to 'ws://localhost:8090/ws' failed: Error during WebSocket handshake: Unexpected response code: 404 @ http://localhost:8090/tribe-v2-playground.html:1557
[  243983ms] [ERROR] WebSocket connection to 'ws://localhost:8090/ws' failed: Error during WebSocket handshake: Unexpected response code: 404 @ http://localhost:8090/tribe-v2-playground.html:1557
[  245988ms] [ERROR] WebSocket connection to 'ws://localhost:8090/ws' failed: Error during WebSocket handshake: Unexpected response code: 404 @ http://localhost:8090/tribe-v2-playground.html:1557
[  247993ms] [ERROR] WebSocket connection to 'ws://localhost:8090/ws' failed: Error during WebSocket handshake: Unexpected response code: 404 @ http://localhost:8090/tribe-v2-playground.html:1557
[  249999ms] [ERROR] WebSocket connection to 'ws://localhost:8090/ws' failed: Error during WebSocket handshake: Unexpected response code: 404 @ http://localhost:8090/tribe-v2-playground.html:1557
[  252003ms] [ERROR] WebSocket connection to 'ws://localhost:8090/ws' failed: Error during WebSocket handshake: Unexpected response code: 404 @ http://localhost:8090/tribe-v2-playground.html:1557
[  254015ms] [ERROR] WebSocket connection to 'ws://localhost:8090/ws' failed: Error during WebSocket handshake: Unexpected response code: 404 @ http://localhost:8090/tribe-v2-playground.html:1557
[  256031ms] [ERROR] WebSocket connection to 'ws://localhost:8090/ws' failed: Error during WebSocket handshake: Unexpected response code: 404 @ http://localhost:8090/tribe-v2-playground.html:1557
[  258048ms] [ERROR] WebSocket connection to 'ws://localhost:8090/ws' failed: Error during WebSocket handshake: Unexpected response code: 404 @ http://localhost:8090/tribe-v2-playground.html:1557
[  260086ms] [ERROR] WebSocket connection to 'ws://localhost:8090/ws' failed: Error during WebSocket handshake: Unexpected response code: 404 @ http://localhost:8090/tribe-v2-playground.html:1557
[  262134ms] [ERROR] WebSocket connection to 'ws://localhost:8090/ws' failed: Error during WebSocket handshake: Unexpected response code: 404 @ http://localhost:8090/tribe-v2-playground.html:1557
[  264339ms] [ERROR] WebSocket connection to 'ws://localhost:8090/ws' failed: Error during WebSocket handshake: Unexpected response code: 404 @ http://localhost:8090/tribe-v2-playground.html:1557
[  266909ms] [ERROR] WebSocket connection to 'ws://localhost:8090/ws' failed: Error during WebSocket handshake: Unexpected response code: 404 @ http://localhost:8090/tribe-v2-playground.html:1557
[  269169ms] [ERROR] WebSocket connection to 'ws://localhost:8090/ws' failed: Error during WebSocket handshake: Unexpected response code: 404 @ http://localhost:8090/tribe-v2-playground.html:1557
[  271993ms] [ERROR] WebSocket connection to 'ws://localhost:8090/ws' failed: Error during WebSocket handshake: Unexpected response code: 404 @ http://localhost:8090/tribe-v2-playground.html:1557
[  276710ms] [ERROR] WebSocket connection to 'ws://localhost:8090/ws' failed: Error during WebSocket handshake: Unexpected response code: 404 @ http://localhost:8090/tribe-v2-playground.html:1557
[  282705ms] [ERROR] WebSocket connection to 'ws://localhost:8090/ws' failed: Error during WebSocket handshake: Unexpected response code: 404 @ http://localhost:8090/tribe-v2-playground.html:1557
[  285784ms] [ERROR] WebSocket connection to 'ws://localhost:8090/ws' failed: Error during WebSocket handshake: Unexpected response code: 404 @ http://localhost:8090/tribe-v2-playground.html:1557
[  289006ms] [ERROR] WebSocket connection to 'ws://localhost:8090/ws' failed: Error during WebSocket handshake: Unexpected response code: 404 @ http://localhost:8090/tribe-v2-playground.html:1557
[  293089ms] [ERROR] WebSocket connection to 'ws://localhost:8090/ws' failed: Error during WebSocket handshake: Unexpected response code: 404 @ http://localhost:8090/tribe-v2-playground.html:1557
[  298196ms] [ERROR] WebSocket connection to 'ws://localhost:8090/ws' failed: Error during WebSocket handshake: Unexpected response code: 404 @ http://localhost:8090/tribe-v2-playground.html:1557
[  301764ms] [ERROR] WebSocket connection to 'ws://localhost:8090/ws' failed: Error during WebSocket handshake: Unexpected response code: 404 @ http://localhost:8090/tribe-v2-playground.html:1557
[  305184ms] [ERROR] WebSocket connection to 'ws://localhost:8090/ws' failed: Error during WebSocket handshake: Unexpected response code: 404 @ http://localhost:8090/tribe-v2-playground.html:1557
[  310225ms] [ERROR] WebSocket connection to 'ws://localhost:8090/ws' failed: Error during WebSocket handshake: Unexpected response code: 404 @ http://localhost:8090/tribe-v2-playground.html:1557
[  314118ms] [ERROR] WebSocket connection to 'ws://localhost:8090/ws' failed: Error during WebSocket handshake: Unexpected response code: 404 @ http://localhost:8090/tribe-v2-playground.html:1557
[  320974ms] [ERROR] WebSocket connection to 'ws://localhost:8090/ws' failed: Error during WebSocket handshake: Unexpected response code: 404 @ http://localhost:8090/tribe-v2-playground.html:1557
[  326834ms] [ERROR] WebSocket connection to 'ws://localhost:8090/ws' failed: Error during WebSocket handshake: Unexpected response code: 404 @ http://localhost:8090/tribe-v2-playground.html:1557
[  331053ms] [ERROR] WebSocket connection to 'ws://localhost:8090/ws' failed: Error during WebSocket handshake: Unexpected response code: 404 @ http://localhost:8090/tribe-v2-playground.html:1557
[  337098ms] [ERROR] WebSocket connection to 'ws://localhost:8090/ws' failed: Error during WebSocket handshake: Unexpected response code: 404 @ http://localhost:8090/tribe-v2-playground.html:1557
[  344017ms] [ERROR] WebSocket connection to 'ws://localhost:8090/ws' failed: Error during WebSocket handshake: Unexpected response code: 404 @ http://localhost:8090/tribe-v2-playground.html:1557
[  347542ms] [ERROR] WebSocket connection to 'ws://localhost:8090/ws' failed: Error during WebSocket handshake: Unexpected response code: 404 @ http://localhost:8090/tribe-v2-playground.html:1557
[  353761ms] [ERROR] WebSocket connection to 'ws://localhost:8090/ws' failed: Error during WebSocket handshake: Unexpected response code: 404 @ http://localhost:8090/tribe-v2-playground.html:1557
[  357248ms] [ERROR] WebSocket connection to 'ws://localhost:8090/ws' failed: Error during WebSocket handshake: Unexpected response code: 404 @ http://localhost:8090/tribe-v2-playground.html:1557
[  364224ms] [ERROR] WebSocket connection to 'ws://localhost:8090/ws' failed: Error during WebSocket handshake: Unexpected response code: 404 @ http://localhost:8090/tribe-v2-playground.html:1557
[  368640ms] [ERROR] WebSocket connection to 'ws://localhost:8090/ws' failed: Error during WebSocket handshake: Unexpected response code: 404 @ http://localhost:8090/tribe-v2-playground.html:1557
[  374522ms] [ERROR] WebSocket connection to 'ws://localhost:8090/ws' failed: Error during WebSocket handshake: Unexpected response code: 404 @ http://localhost:8090/tribe-v2-playground.html:1557
[  380698ms] [ERROR] WebSocket connection to 'ws://localhost:8090/ws' failed: Error during WebSocket handshake: Unexpected response code: 404 @ http://localhost:8090/tribe-v2-playground.html:1557
[  386534ms] [ERROR] WebSocket connection to 'ws://localhost:8090/ws' failed: Error during WebSocket handshake: Unexpected response code: 404 @ http://localhost:8090/tribe-v2-playground.html:1557
[  392804ms] [ERROR] WebSocket connection to 'ws://localhost:8090/ws' failed: Error during WebSocket handshake: Unexpected response code: 404 @ http://localhost:8090/tribe-v2-playground.html:1557
[  399444ms] [ERROR] WebSocket connection to 'ws://localhost:8090/ws' failed: Error during WebSocket handshake: Unexpected response code: 404 @ http://localhost:8090/tribe-v2-playground.html:1557
[  403286ms] [ERROR] WebSocket connection to 'ws://localhost:8090/ws' failed: Error during WebSocket handshake: Unexpected response code: 404 @ http://localhost:8090/tribe-v2-playground.html:1557
[  409585ms] [ERROR] WebSocket connection to 'ws://localhost:8090/ws' failed: Error during WebSocket handshake: Unexpected response code: 404 @ http://localhost:8090/tribe-v2-playground.html:1557
[  415035ms] [ERROR] WebSocket connection to 'ws://localhost:8090/ws' failed: Error during WebSocket handshake: Unexpected response code: 404 @ http://localhost:8090/tribe-v2-playground.html:1557
[  418617ms] [ERROR] WebSocket connection to 'ws://localhost:8090/ws' failed: Error during WebSocket handshake: Unexpected response code: 404 @ http://localhost:8090/tribe-v2-playground.html:1557
[  422433ms] [ERROR] WebSocket connection to 'ws://localhost:8090/ws' failed: Error during WebSocket handshake: Unexpected response code: 404 @ http://localhost:8090/tribe-v2-playground.html:1557
[  427578ms] [ERROR] WebSocket connection to 'ws://localhost:8090/ws' failed: Error during WebSocket handshake: Unexpected response code: 404 @ http://localhost:8090/tribe-v2-playground.html:1557
[  432364ms] [ERROR] WebSocket connection to 'ws://localhost:8090/ws' failed: Error during WebSocket handshake: Unexpected response code: 404 @ http://localhost:8090/tribe-v2-playground.html:1557
[  437306ms] [ERROR] WebSocket connection to 'ws://localhost:8090/ws' failed: Error during WebSocket handshake: Unexpected response code: 404 @ http://localhost:8090/tribe-v2-playground.html:1557
[  443174ms] [ERROR] WebSocket connection to 'ws://localhost:8090/ws' failed: Error during WebSocket handshake: Unexpected response code: 404 @ http://localhost:8090/tribe-v2-playground.html:1557
[  446733ms] [ERROR] WebSocket connection to 'ws://localhost:8090/ws' failed: Error during WebSocket handshake: Unexpected response code: 404 @ http://localhost:8090/tribe-v2-playground.html:1557
[  451846ms] [ERROR] WebSocket connection to 'ws://localhost:8090/ws' failed: Error during WebSocket handshake: Unexpected response code: 404 @ http://localhost:8090/tribe-v2-playground.html:1557
[  456281ms] [ERROR] WebSocket connection to 'ws://localhost:8090/ws' failed: Error during WebSocket handshake: Unexpected response code: 404 @ http://localhost:8090/tribe-v2-playground.html:1557
[  460315ms] [ERROR] WebSocket connection to 'ws://localhost:8090/ws' failed: Error during WebSocket handshake: Unexpected response code: 404 @ http://localhost:8090/tribe-v2-playground.html:1557
[  465215ms] [ERROR] WebSocket connection to 'ws://localhost:8090/ws' failed: Error during WebSocket handshake: Unexpected response code: 404 @ http://localhost:8090/tribe-v2-playground.html:1557
[  471580ms] [ERROR] WebSocket connection to 'ws://localhost:8090/ws' failed: Error during WebSocket handshake: Unexpected response code: 404 @ http://localhost:8090/tribe-v2-playground.html:1557
[  477102ms] [ERROR] WebSocket connection to 'ws://localhost:8090/ws' failed: Error during WebSocket handshake: Unexpected response code: 404 @ http://localhost:8090/tribe-v2-playground.html:1557
[  480363ms] [ERROR] WebSocket connection to 'ws://localhost:8090/ws' failed: Error during WebSocket handshake: Unexpected response code: 404 @ http://localhost:8090/tribe-v2-playground.html:1557
[  482368ms] [ERROR] WebSocket connection to 'ws://localhost:8090/ws' failed: Error during WebSocket handshake: Unexpected response code: 404 @ http://localhost:8090/tribe-v2-playground.html:1557
[  484373ms] [ERROR] WebSocket connection to 'ws://localhost:8090/ws' failed: Error during WebSocket handshake: Unexpected response code: 404 @ http://localhost:8090/tribe-v2-playground.html:1557
[  486378ms] [ERROR] WebSocket connection to 'ws://localhost:8090/ws' failed: Error during WebSocket handshake: Unexpected response code: 404 @ http://localhost:8090/tribe-v2-playground.html:1557
[  488383ms] [ERROR] WebSocket connection to 'ws://localhost:8090/ws' failed: Error during WebSocket handshake: Unexpected response code: 404 @ http://localhost:8090/tribe-v2-playground.html:1557
[  490388ms] [ERROR] WebSocket connection to 'ws://localhost:8090/ws' failed: Error during WebSocket handshake: Unexpected response code: 404 @ http://localhost:8090/tribe-v2-playground.html:1557
[  492397ms] [ERROR] WebSocket connection to 'ws://localhost:8090/ws' failed: Error during WebSocket handshake: Unexpected response code: 404 @ http://localhost:8090/tribe-v2-playground.html:1557
[  494411ms] [ERROR] WebSocket connection to 'ws://localhost:8090/ws' failed: Error during WebSocket handshake: Unexpected response code: 404 @ http://localhost:8090/tribe-v2-playground.html:1557
[  496430ms] [ERROR] WebSocket connection to 'ws://localhost:8090/ws' failed: Error during WebSocket handshake: Unexpected response code: 404 @ http://localhost:8090/tribe-v2-playground.html:1557
[  498475ms] [ERROR] WebSocket connection to 'ws://localhost:8090/ws' failed: Error during WebSocket handshake: Unexpected response code: 404 @ http://localhost:8090/tribe-v2-playground.html:1557
[  500549ms] [ERROR] WebSocket connection to 'ws://localhost:8090/ws' failed: Error during WebSocket handshake: Unexpected response code: 404 @ http://localhost:8090/tribe-v2-playground.html:1557
[  502592ms] [ERROR] WebSocket connection to 'ws://localhost:8090/ws' failed: Error during WebSocket handshake: Unexpected response code: 404 @ http://localhost:8090/tribe-v2-playground.html:1557
[  504907ms] [ERROR] WebSocket connection to 'ws://localhost:8090/ws' failed: Error during WebSocket handshake: Unexpected response code: 404 @ http://localhost:8090/tribe-v2-playground.html:1557
[  507474ms] [ERROR] WebSocket connection to 'ws://localhost:8090/ws' failed: Error during WebSocket handshake: Unexpected response code: 404 @ http://localhost:8090/tribe-v2-playground.html:1557
[  510624ms] [ERROR] WebSocket connection to 'ws://localhost:8090/ws' failed: Error during WebSocket handshake: Unexpected response code: 404 @ http://localhost:8090/tribe-v2-playground.html:1557
[  514767ms] [ERROR] WebSocket connection to 'ws://localhost:8090/ws' failed: Error during WebSocket handshake: Unexpected response code: 404 @ http://localhost:8090/tribe-v2-playground.html:1557
[  520768ms] [ERROR] WebSocket connection to 'ws://localhost:8090/ws' failed: Error during WebSocket handshake: Unexpected response code: 404 @ http://localhost:8090/tribe-v2-playground.html:1557
[  525174ms] [ERROR] WebSocket connection to 'ws://localhost:8090/ws' failed: Error during WebSocket handshake: Unexpected response code: 404 @ http://localhost:8090/tribe-v2-playground.html:1557
[  531593ms] [ERROR] WebSocket connection to 'ws://localhost:8090/ws' failed: Error during WebSocket handshake: Unexpected response code: 404 @ http://localhost:8090/tribe-v2-playground.html:1557
[  538577ms] [ERROR] WebSocket connection to 'ws://localhost:8090/ws' failed: Error during WebSocket handshake: Unexpected response code: 404 @ http://localhost:8090/tribe-v2-playground.html:1557
[  543681ms] [ERROR] WebSocket connection to 'ws://localhost:8090/ws' failed: Error during WebSocket handshake: Unexpected response code: 404 @ http://localhost:8090/tribe-v2-playground.html:1557
[  547155ms] [ERROR] WebSocket connection to 'ws://localhost:8090/ws' failed: Error during WebSocket handshake: Unexpected response code: 404 @ http://localhost:8090/tribe-v2-playground.html:1557
[  553328ms] [ERROR] WebSocket connection to 'ws://localhost:8090/ws' failed: Error during WebSocket handshake: Unexpected response code: 404 @ http://localhost:8090/tribe-v2-playground.html:1557
[  557253ms] [ERROR] WebSocket connection to 'ws://localhost:8090/ws' failed: Error during WebSocket handshake: Unexpected response code: 404 @ http://localhost:8090/tribe-v2-playground.html:1557
[  563822ms] [ERROR] WebSocket connection to 'ws://localhost:8090/ws' failed: Error during WebSocket handshake: Unexpected response code: 404 @ http://localhost:8090/tribe-v2-playground.html:1557
[  567723ms] [ERROR] WebSocket connection to 'ws://localhost:8090/ws' failed: Error during WebSocket handshake: Unexpected response code: 404 @ http://localhost:8090/tribe-v2-playground.html:1557
[  572709ms] [ERROR] WebSocket connection to 'ws://localhost:8090/ws' failed: Error during WebSocket handshake: Unexpected response code: 404 @ http://localhost:8090/tribe-v2-playground.html:1557
[  579417ms] [ERROR] WebSocket connection to 'ws://localhost:8090/ws' failed: Error during WebSocket handshake: Unexpected response code: 404 @ http://localhost:8090/tribe-v2-playground.html:1557
[  582922ms] [ERROR] WebSocket connection to 'ws://localhost:8090/ws' failed: Error during WebSocket handshake: Unexpected response code: 404 @ http://localhost:8090/tribe-v2-playground.html:1557
[  588640ms] [ERROR] WebSocket connection to 'ws://localhost:8090/ws' failed: Error during WebSocket handshake: Unexpected response code: 404 @ http://localhost:8090/tribe-v2-playground.html:1557
[  591899ms] [ERROR] WebSocket connection to 'ws://localhost:8090/ws' failed: Error during WebSocket handshake: Unexpected response code: 404 @ http://localhost:8090/tribe-v2-playground.html:1557
[  598191ms] [ERROR] WebSocket connection to 'ws://localhost:8090/ws' failed: Error during WebSocket handshake: Unexpected response code: 404 @ http://localhost:8090/tribe-v2-playground.html:1557
[  603627ms] [ERROR] WebSocket connection to 'ws://localhost:8090/ws' failed: Error during WebSocket handshake: Unexpected response code: 404 @ http://localhost:8090/tribe-v2-playground.html:1557
[  608247ms] [ERROR] WebSocket connection to 'ws://localhost:8090/ws' failed: Error during WebSocket handshake: Unexpected response code: 404 @ http://localhost:8090/tribe-v2-playground.html:1557
[  613753ms] [ERROR] WebSocket connection to 'ws://localhost:8090/ws' failed: Error during WebSocket handshake: Unexpected response code: 404 @ http://localhost:8090/tribe-v2-playground.html:1557
[  619315ms] [ERROR] WebSocket connection to 'ws://localhost:8090/ws' failed: Error during WebSocket handshake: Unexpected response code: 404 @ http://localhost:8090/tribe-v2-playground.html:1557
[  625797ms] [ERROR] WebSocket connection to 'ws://localhost:8090/ws' failed: Error during WebSocket handshake: Unexpected response code: 404 @ http://localhost:8090/tribe-v2-playground.html:1557
[  629637ms] [ERROR] WebSocket connection to 'ws://localhost:8090/ws' failed: Error during WebSocket handshake: Unexpected response code: 404 @ http://localhost:8090/tribe-v2-playground.html:1557
[  634805ms] [ERROR] WebSocket connection to 'ws://localhost:8090/ws' failed: Error during WebSocket handshake: Unexpected response code: 404 @ http://localhost:8090/tribe-v2-playground.html:1557
[  641548ms] [ERROR] WebSocket connection to 'ws://localhost:8090/ws' failed: Error during WebSocket handshake: Unexpected response code: 404 @ http://localhost:8090/tribe-v2-playground.html:1557
[  645066ms] [ERROR] WebSocket connection to 'ws://localhost:8090/ws' failed: Error during WebSocket handshake: Unexpected response code: 404 @ http://localhost:8090/tribe-v2-playground.html:1557
[  650975ms] [ERROR] WebSocket connection to 'ws://localhost:8090/ws' failed: Error during WebSocket handshake: Unexpected response code: 404 @ http://localhost:8090/tribe-v2-playground.html:1557
[  656790ms] [ERROR] WebSocket connection to 'ws://localhost:8090/ws' failed: Error during WebSocket handshake: Unexpected response code: 404 @ http://localhost:8090/tribe-v2-playground.html:1557
[  663405ms] [ERROR] WebSocket connection to 'ws://localhost:8090/ws' failed: Error during WebSocket handshake: Unexpected response code: 404 @ http://localhost:8090/tribe-v2-playground.html:1557
[  667471ms] [ERROR] WebSocket connection to 'ws://localhost:8090/ws' failed: Error during WebSocket handshake: Unexpected response code: 404 @ http://localhost:8090/tribe-v2-playground.html:1557
[  671616ms] [ERROR] WebSocket connection to 'ws://localhost:8090/ws' failed: Error during WebSocket handshake: Unexpected response code: 404 @ http://localhost:8090/tribe-v2-playground.html:1557
[  676608ms] [ERROR] WebSocket connection to 'ws://localhost:8090/ws' failed: Error during WebSocket handshake: Unexpected response code: 404 @ http://localhost:8090/tribe-v2-playground.html:1557
[  681659ms] [ERROR] WebSocket connection to 'ws://localhost:8090/ws' failed: Error during WebSocket handshake: Unexpected response code: 404 @ http://localhost:8090/tribe-v2-playground.html:1557
[  688319ms] [ERROR] WebSocket connection to 'ws://localhost:8090/ws' failed: Error during WebSocket handshake: Unexpected response code: 404 @ http://localhost:8090/tribe-v2-playground.html:1557
[  694949ms] [ERROR] WebSocket connection to 'ws://localhost:8090/ws' failed: Error during WebSocket handshake: Unexpected response code: 404 @ http://localhost:8090/tribe-v2-playground.html:1557
[  699104ms] [ERROR] WebSocket connection to 'ws://localhost:8090/ws' failed: Error during WebSocket handshake: Unexpected response code: 404 @ http://localhost:8090/tribe-v2-playground.html:1557
[  702651ms] [ERROR] WebSocket connection to 'ws://localhost:8090/ws' failed: Error during WebSocket handshake: Unexpected response code: 404 @ http://localhost:8090/tribe-v2-playground.html:1557
[  706323ms] [ERROR] WebSocket connection to 'ws://localhost:8090/ws' failed: Error during WebSocket handshake: Unexpected response code: 404 @ http://localhost:8090/tribe-v2-playground.html:1557
[  711014ms] [ERROR] WebSocket connection to 'ws://localhost:8090/ws' failed: Error during WebSocket handshake: Unexpected response code: 404 @ http://localhost:8090/tribe-v2-playground.html:1557
[  715246ms] [ERROR] WebSocket connection to 'ws://localhost:8090/ws' failed: Error during WebSocket handshake: Unexpected response code: 404 @ http://localhost:8090/tribe-v2-playground.html:1557
[  721659ms] [ERROR] WebSocket connection to 'ws://localhost:8090/ws' failed: Error during WebSocket handshake: Unexpected response code: 404 @ http://localhost:8090/tribe-v2-playground.html:1557
[  723663ms] [ERROR] WebSocket connection to 'ws://localhost:8090/ws' failed: Error during WebSocket handshake: Unexpected response code: 404 @ http://localhost:8090/tribe-v2-playground.html:1557
[  725668ms] [ERROR] WebSocket connection to 'ws://localhost:8090/ws' failed: Error during WebSocket handshake: Unexpected response code: 404 @ http://localhost:8090/tribe-v2-playground.html:1557
[  727673ms] [ERROR] WebSocket connection to 'ws://localhost:8090/ws' failed: Error during WebSocket handshake: Unexpected response code: 404 @ http://localhost:8090/tribe-v2-playground.html:1557
[  729679ms] [ERROR] WebSocket connection to 'ws://localhost:8090/ws' failed: Error during WebSocket handshake: Unexpected response code: 404 @ http://localhost:8090/tribe-v2-playground.html:1557
[  731685ms] [ERROR] WebSocket connection to 'ws://localhost:8090/ws' failed: Error during WebSocket handshake: Unexpected response code: 404 @ http://localhost:8090/tribe-v2-playground.html:1557
[  733693ms] [ERROR] WebSocket connection to 'ws://localhost:8090/ws' failed: Error during WebSocket handshake: Unexpected response code: 404 @ http://localhost:8090/tribe-v2-playground.html:1557
[  735705ms] [ERROR] WebSocket connection to 'ws://localhost:8090/ws' failed: Error during WebSocket handshake: Unexpected response code: 404 @ http://localhost:8090/tribe-v2-playground.html:1557
[  737730ms] [ERROR] WebSocket connection to 'ws://localhost:8090/ws' failed: Error during WebSocket handshake: Unexpected response code: 404 @ http://localhost:8090/tribe-v2-playground.html:1557
[  739771ms] [ERROR] WebSocket connection to 'ws://localhost:8090/ws' failed: Error during WebSocket handshake: Unexpected response code: 404 @ http://localhost:8090/tribe-v2-playground.html:1557
[  741824ms] [ERROR] WebSocket connection to 'ws://localhost:8090/ws' failed: Error during WebSocket handshake: Unexpected response code: 404 @ http://localhost:8090/tribe-v2-playground.html:1557
[  743886ms] [ERROR] WebSocket connection to 'ws://localhost:8090/ws' failed: Error during WebSocket handshake: Unexpected response code: 404 @ http://localhost:8090/tribe-v2-playground.html:1557
[  746123ms] [ERROR] WebSocket connection to 'ws://localhost:8090/ws' failed: Error during WebSocket handshake: Unexpected response code: 404 @ http://localhost:8090/tribe-v2-playground.html:1557
[  748256ms] [ERROR] WebSocket connection to 'ws://localhost:8090/ws' failed: Error during WebSocket handshake: Unexpected response code: 404 @ http://localhost:8090/tribe-v2-playground.html:1557
[  750800ms] [ERROR] WebSocket connection to 'ws://localhost:8090/ws' failed: Error during WebSocket handshake: Unexpected response code: 404 @ http://localhost:8090/tribe-v2-playground.html:1557
[  755259ms] [ERROR] WebSocket connection to 'ws://localhost:8090/ws' failed: Error during WebSocket handshake: Unexpected response code: 404 @ http://localhost:8090/tribe-v2-playground.html:1557
[  759287ms] [ERROR] WebSocket connection to 'ws://localhost:8090/ws' failed: Error during WebSocket handshake: Unexpected response code: 404 @ http://localhost:8090/tribe-v2-playground.html:1557
[  764907ms] [ERROR] WebSocket connection to 'ws://localhost:8090/ws' failed: Error during WebSocket handshake: Unexpected response code: 404 @ http://localhost:8090/tribe-v2-playground.html:1557
[  771746ms] [ERROR] WebSocket connection to 'ws://localhost:8090/ws' failed: Error during WebSocket handshake: Unexpected response code: 404 @ http://localhost:8090/tribe-v2-playground.html:1557
[  775899ms] [ERROR] WebSocket connection to 'ws://localhost:8090/ws' failed: Error during WebSocket handshake: Unexpected response code: 404 @ http://localhost:8090/tribe-v2-playground.html:1557
[  779292ms] [ERROR] WebSocket connection to 'ws://localhost:8090/ws' failed: Error during WebSocket handshake: Unexpected response code: 404 @ http://localhost:8090/tribe-v2-playground.html:1557
[  785733ms] [ERROR] WebSocket connection to 'ws://localhost:8090/ws' failed: Error during WebSocket handshake: Unexpected response code: 404 @ http://localhost:8090/tribe-v2-playground.html:1557
[  792437ms] [ERROR] WebSocket connection to 'ws://localhost:8090/ws' failed: Error during WebSocket handshake: Unexpected response code: 404 @ http://localhost:8090/tribe-v2-playground.html:1557
[  797623ms] [ERROR] WebSocket connection to 'ws://localhost:8090/ws' failed: Error during WebSocket handshake: Unexpected response code: 404 @ http://localhost:8090/tribe-v2-playground.html:1557
[  803297ms] [ERROR] WebSocket connection to 'ws://localhost:8090/ws' failed: Error during WebSocket handshake: Unexpected response code: 404 @ http://localhost:8090/tribe-v2-playground.html:1557
[  808988ms] [ERROR] WebSocket connection to 'ws://localhost:8090/ws' failed: Error during WebSocket handshake: Unexpected response code: 404 @ http://localhost:8090/tribe-v2-playground.html:1557
[  814538ms] [ERROR] WebSocket connection to 'ws://localhost:8090/ws' failed: Error during WebSocket handshake: Unexpected response code: 404 @ http://localhost:8090/tribe-v2-playground.html:1557
[  820000ms] [ERROR] WebSocket connection to 'ws://localhost:8090/ws' failed: Error during WebSocket handshake: Unexpected response code: 404 @ http://localhost:8090/tribe-v2-playground.html:1557
[  824246ms] [ERROR] WebSocket connection to 'ws://localhost:8090/ws' failed: Error during WebSocket handshake: Unexpected response code: 404 @ http://localhost:8090/tribe-v2-playground.html:1557
[  831216ms] [ERROR] WebSocket connection to 'ws://localhost:8090/ws' failed: Error during WebSocket handshake: Unexpected response code: 404 @ http://localhost:8090/tribe-v2-playground.html:1557
[  837879ms] [ERROR] WebSocket connection to 'ws://localhost:8090/ws' failed: Error during WebSocket handshake: Unexpected response code: 404 @ http://localhost:8090/tribe-v2-playground.html:1557
[  844096ms] [ERROR] WebSocket connection to 'ws://localhost:8090/ws' failed: Error during WebSocket handshake: Unexpected response code: 404 @ http://localhost:8090/tribe-v2-playground.html:1557
[  850137ms] [ERROR] WebSocket connection to 'ws://localhost:8090/ws' failed: Error during WebSocket handshake: Unexpected response code: 404 @ http://localhost:8090/tribe-v2-playground.html:1557
[  856912ms] [ERROR] WebSocket connection to 'ws://localhost:8090/ws' failed: Error during WebSocket handshake: Unexpected response code: 404 @ http://localhost:8090/tribe-v2-playground.html:1557
[  860406ms] [ERROR] WebSocket connection to 'ws://localhost:8090/ws' failed: Error during WebSocket handshake: Unexpected response code: 404 @ http://localhost:8090/tribe-v2-playground.html:1557
[  866033ms] [ERROR] WebSocket connection to 'ws://localhost:8090/ws' failed: Error during WebSocket handshake: Unexpected response code: 404 @ http://localhost:8090/tribe-v2-playground.html:1557
[  869557ms] [ERROR] WebSocket connection to 'ws://localhost:8090/ws' failed: Error during WebSocket handshake: Unexpected response code: 404 @ http://localhost:8090/tribe-v2-playground.html:1557
[  876545ms] [ERROR] WebSocket connection to 'ws://localhost:8090/ws' failed: Error during WebSocket handshake: Unexpected response code: 404 @ http://localhost:8090/tribe-v2-playground.html:1557
[  881953ms] [ERROR] WebSocket connection to 'ws://localhost:8090/ws' failed: Error during WebSocket handshake: Unexpected response code: 404 @ http://localhost:8090/tribe-v2-playground.html:1557
[  886096ms] [ERROR] WebSocket connection to 'ws://localhost:8090/ws' failed: Error during WebSocket handshake: Unexpected response code: 404 @ http://localhost:8090/tribe-v2-playground.html:1557
[  892513ms] [ERROR] WebSocket connection to 'ws://localhost:8090/ws' failed: Error during WebSocket handshake: Unexpected response code: 404 @ http://localhost:8090/tribe-v2-playground.html:1557
[  897889ms] [ERROR] WebSocket connection to 'ws://localhost:8090/ws' failed: Error during WebSocket handshake: Unexpected response code: 404 @ http://localhost:8090/tribe-v2-playground.html:1557
[  903760ms] [ERROR] WebSocket connection to 'ws://localhost:8090/ws' failed: Error during WebSocket handshake: Unexpected response code: 404 @ http://localhost:8090/tribe-v2-playground.html:1557
[  910384ms] [ERROR] WebSocket connection to 'ws://localhost:8090/ws' failed: Error during WebSocket handshake: Unexpected response code: 404 @ http://localhost:8090/tribe-v2-playground.html:1557
[  916673ms] [ERROR] WebSocket connection to 'ws://localhost:8090/ws' failed: Error during WebSocket handshake: Unexpected response code: 404 @ http://localhost:8090/tribe-v2-playground.html:1557
[  921786ms] [ERROR] WebSocket connection to 'ws://localhost:8090/ws' failed: Error during WebSocket handshake: Unexpected response code: 404 @ http://localhost:8090/tribe-v2-playground.html:1557
[  928431ms] [ERROR] WebSocket connection to 'ws://localhost:8090/ws' failed: Error during WebSocket handshake: Unexpected response code: 404 @ http://localhost:8090/tribe-v2-playground.html:1557
[  934838ms] [ERROR] WebSocket connection to 'ws://localhost:8090/ws' failed: Error during WebSocket handshake: Unexpected response code: 404 @ http://localhost:8090/tribe-v2-playground.html:1557
[  941188ms] [ERROR] WebSocket connection to 'ws://localhost:8090/ws' failed: Error during WebSocket handshake: Unexpected response code: 404 @ http://localhost:8090/tribe-v2-playground.html:1557
[  945915ms] [ERROR] WebSocket connection to 'ws://localhost:8090/ws' failed: Error during WebSocket handshake: Unexpected response code: 404 @ http://localhost:8090/tribe-v2-playground.html:1557
[  951664ms] [ERROR] WebSocket connection to 'ws://localhost:8090/ws' failed: Error during WebSocket handshake: Unexpected response code: 404 @ http://localhost:8090/tribe-v2-playground.html:1557
[  957089ms] [ERROR] WebSocket connection to 'ws://localhost:8090/ws' failed: Error during WebSocket handshake: Unexpected response code: 404 @ http://localhost:8090/tribe-v2-playground.html:1557
[  963760ms] [ERROR] WebSocket connection to 'ws://localhost:8090/ws' failed: Error during WebSocket handshake: Unexpected response code: 404 @ http://localhost:8090/tribe-v2-playground.html:1557
[  968353ms] [ERROR] WebSocket connection to 'ws://localhost:8090/ws' failed: Error during WebSocket handshake: Unexpected response code: 404 @ http://localhost:8090/tribe-v2-playground.html:1557
[  973328ms] [ERROR] WebSocket connection to 'ws://localhost:8090/ws' failed: Error during WebSocket handshake: Unexpected response code: 404 @ http://localhost:8090/tribe-v2-playground.html:1557
[  977196ms] [ERROR] WebSocket connection to 'ws://localhost:8090/ws' failed: Error during WebSocket handshake: Unexpected response code: 404 @ http://localhost:8090/tribe-v2-playground.html:1557
[  981105ms] [ERROR] WebSocket connection to 'ws://localhost:8090/ws' failed: Error during WebSocket handshake: Unexpected response code: 404 @ http://localhost:8090/tribe-v2-playground.html:1557
[  986971ms] [ERROR] WebSocket connection to 'ws://localhost:8090/ws' failed: Error during WebSocket handshake: Unexpected response code: 404 @ http://localhost:8090/tribe-v2-playground.html:1557
[  990803ms] [ERROR] WebSocket connection to 'ws://localhost:8090/ws' failed: Error during WebSocket handshake: Unexpected response code: 404 @ http://localhost:8090/tribe-v2-playground.html:1557
[  993972ms] [ERROR] WebSocket connection to 'ws://localhost:8090/ws' failed: Error during WebSocket handshake: Unexpected response code: 404 @ http://localhost:8090/tribe-v2-playground.html:1557
[  998828ms] [ERROR] WebSocket connection to 'ws://localhost:8090/ws' failed: Error during WebSocket handshake: Unexpected response code: 404 @ http://localhost:8090/tribe-v2-playground.html:1557
[ 1005604ms] [ERROR] WebSocket connection to 'ws://localhost:8090/ws' failed: Error during WebSocket handshake: Unexpected response code: 404 @ http://localhost:8090/tribe-v2-playground.html:1557
[ 1008795ms] [ERROR] WebSocket connection to 'ws://localhost:8090/ws' failed: Error during WebSocket handshake: Unexpected response code: 404 @ http://localhost:8090/tribe-v2-playground.html:1557
[ 1012815ms] [ERROR] WebSocket connection to 'ws://localhost:8090/ws' failed: Error during WebSocket handshake: Unexpected response code: 404 @ http://localhost:8090/tribe-v2-playground.html:1557
[ 1019216ms] [ERROR] WebSocket connection to 'ws://localhost:8090/ws' failed: Error during WebSocket handshake: Unexpected response code: 404 @ http://localhost:8090/tribe-v2-playground.html:1557
[ 1023995ms] [ERROR] WebSocket connection to 'ws://localhost:8090/ws' failed: Error during WebSocket handshake: Unexpected response code: 404 @ http://localhost:8090/tribe-v2-playground.html:1557
[ 1029940ms] [ERROR] WebSocket connection to 'ws://localhost:8090/ws' failed: Error during WebSocket handshake: Unexpected response code: 404 @ http://localhost:8090/tribe-v2-playground.html:1557
[ 1033296ms] [ERROR] WebSocket connection to 'ws://localhost:8090/ws' failed: Error during WebSocket handshake: Unexpected response code: 404 @ http://localhost:8090/tribe-v2-playground.html:1557
[ 1039962ms] [ERROR] WebSocket connection to 'ws://localhost:8090/ws' failed: Error during WebSocket handshake: Unexpected response code: 404 @ http://localhost:8090/tribe-v2-playground.html:1557
[ 1046705ms] [ERROR] WebSocket connection to 'ws://localhost:8090/ws' failed: Error during WebSocket handshake: Unexpected response code: 404 @ http://localhost:8090/tribe-v2-playground.html:1557
[ 1052976ms] [ERROR] WebSocket connection to 'ws://localhost:8090/ws' failed: Error during WebSocket handshake: Unexpected response code: 404 @ http://localhost:8090/tribe-v2-playground.html:1557
[ 1057629ms] [ERROR] WebSocket connection to 'ws://localhost:8090/ws' failed: Error during WebSocket handshake: Unexpected response code: 404 @ http://localhost:8090/tribe-v2-playground.html:1557
[ 1063184ms] [ERROR] WebSocket connection to 'ws://localhost:8090/ws' failed: Error during WebSocket handshake: Unexpected response code: 404 @ http://localhost:8090/tribe-v2-playground.html:1557
[ 1069786ms] [ERROR] WebSocket connection to 'ws://localhost:8090/ws' failed: Error during WebSocket handshake: Unexpected response code: 404 @ http://localhost:8090/tribe-v2-playground.html:1557
[ 1074512ms] [ERROR] WebSocket connection to 'ws://localhost:8090/ws' failed: Error during WebSocket handshake: Unexpected response code: 404 @ http://localhost:8090/tribe-v2-playground.html:1557
[ 1081162ms] [ERROR] WebSocket connection to 'ws://localhost:8090/ws' failed: Error during WebSocket handshake: Unexpected response code: 404 @ http://localhost:8090/tribe-v2-playground.html:1557
[ 1086565ms] [ERROR] WebSocket connection to 'ws://localhost:8090/ws' failed: Error during WebSocket handshake: Unexpected response code: 404 @ http://localhost:8090/tribe-v2-playground.html:1557
[ 1090277ms] [ERROR] WebSocket connection to 'ws://localhost:8090/ws' failed: Error during WebSocket handshake: Unexpected response code: 404 @ http://localhost:8090/tribe-v2-playground.html:1557
[ 1094534ms] [ERROR] WebSocket connection to 'ws://localhost:8090/ws' failed: Error during WebSocket handshake: Unexpected response code: 404 @ http://localhost:8090/tribe-v2-playground.html:1557
[ 1101027ms] [ERROR] WebSocket connection to 'ws://localhost:8090/ws' failed: Error during WebSocket handshake: Unexpected response code: 404 @ http://localhost:8090/tribe-v2-playground.html:1557
[ 1107488ms] [ERROR] WebSocket connection to 'ws://localhost:8090/ws' failed: Error during WebSocket handshake: Unexpected response code: 404 @ http://localhost:8090/tribe-v2-playground.html:1557
[ 1113882ms] [ERROR] WebSocket connection to 'ws://localhost:8090/ws' failed: Error during WebSocket handshake: Unexpected response code: 404 @ http://localhost:8090/tribe-v2-playground.html:1557
[ 1118176ms] [ERROR] WebSocket connection to 'ws://localhost:8090/ws' failed: Error during WebSocket handshake: Unexpected response code: 404 @ http://localhost:8090/tribe-v2-playground.html:1557
[ 1122981ms] [ERROR] WebSocket connection to 'ws://localhost:8090/ws' failed: Error during WebSocket handshake: Unexpected response code: 404 @ http://localhost:8090/tribe-v2-playground.html:1557
[ 1129492ms] [ERROR] WebSocket connection to 'ws://localhost:8090/ws' failed: Error during WebSocket handshake: Unexpected response code: 404 @ http://localhost:8090/tribe-v2-playground.html:1557
[ 1132586ms] [ERROR] WebSocket connection to 'ws://localhost:8090/ws' failed: Error during WebSocket handshake: Unexpected response code: 404 @ http://localhost:8090/tribe-v2-playground.html:1557
[ 1137963ms] [ERROR] WebSocket connection to 'ws://localhost:8090/ws' failed: Error during WebSocket handshake: Unexpected response code: 404 @ http://localhost:8090/tribe-v2-playground.html:1557
[ 1143762ms] [ERROR] WebSocket connection to 'ws://localhost:8090/ws' failed: Error during WebSocket handshake: Unexpected response code: 404 @ http://localhost:8090/tribe-v2-playground.html:1557
[ 1149798ms] [ERROR] WebSocket connection to 'ws://localhost:8090/ws' failed: Error during WebSocket handshake: Unexpected response code: 404 @ http://localhost:8090/tribe-v2-playground.html:1557
[ 1154561ms] [ERROR] WebSocket connection to 'ws://localhost:8090/ws' failed: Error during WebSocket handshake: Unexpected response code: 404 @ http://localhost:8090/tribe-v2-playground.html:1557
[ 1160966ms] [ERROR] WebSocket connection to 'ws://localhost:8090/ws' failed: Error during WebSocket handshake: Unexpected response code: 404 @ http://localhost:8090/tribe-v2-playground.html:1557
[ 1166603ms] [ERROR] WebSocket connection to 'ws://localhost:8090/ws' failed: Error during WebSocket handshake: Unexpected response code: 404 @ http://localhost:8090/tribe-v2-playground.html:1557
[ 1172336ms] [ERROR] WebSocket connection to 'ws://localhost:8090/ws' failed: Error during WebSocket handshake: Unexpected response code: 404 @ http://localhost:8090/tribe-v2-playground.html:1557
[ 1176442ms] [ERROR] WebSocket connection to 'ws://localhost:8090/ws' failed: Error during WebSocket handshake: Unexpected response code: 404 @ http://localhost:8090/tribe-v2-playground.html:1557
[ 1181829ms] [ERROR] WebSocket connection to 'ws://localhost:8090/ws' failed: Error during WebSocket handshake: Unexpected response code: 404 @ http://localhost:8090/tribe-v2-playground.html:1557
[ 1187760ms] [ERROR] WebSocket connection to 'ws://localhost:8090/ws' failed: Error during WebSocket handshake: Unexpected response code: 404 @ http://localhost:8090/tribe-v2-playground.html:1557
[ 1194496ms] [ERROR] WebSocket connection to 'ws://localhost:8090/ws' failed: Error during WebSocket handshake: Unexpected response code: 404 @ http://localhost:8090/tribe-v2-playground.html:1557
[ 1199451ms] [ERROR] WebSocket connection to 'ws://localhost:8090/ws' failed: Error during WebSocket handshake: Unexpected response code: 404 @ http://localhost:8090/tribe-v2-playground.html:1557
[ 1202748ms] [ERROR] WebSocket connection to 'ws://localhost:8090/ws' failed: Error during WebSocket handshake: Unexpected response code: 404 @ http://localhost:8090/tribe-v2-playground.html:1557
[ 1204752ms] [ERROR] WebSocket connection to 'ws://localhost:8090/ws' failed: Error during WebSocket handshake: Unexpected response code: 404 @ http://localhost:8090/tribe-v2-playground.html:1557
[ 1206757ms] [ERROR] WebSocket connection to 'ws://localhost:8090/ws' failed: Error during WebSocket handshake: Unexpected response code: 404 @ http://localhost:8090/tribe-v2-playground.html:1557
[ 1208761ms] [ERROR] WebSocket connection to 'ws://localhost:8090/ws' failed: Error during WebSocket handshake: Unexpected response code: 404 @ http://localhost:8090/tribe-v2-playground.html:1557
[ 1210766ms] [ERROR] WebSocket connection to 'ws://localhost:8090/ws' failed: Error during WebSocket handshake: Unexpected response code: 404 @ http://localhost:8090/tribe-v2-playground.html:1557
[ 1212771ms] [ERROR] WebSocket connection to 'ws://localhost:8090/ws' failed: Error during WebSocket handshake: Unexpected response code: 404 @ http://localhost:8090/tribe-v2-playground.html:1557
[ 1214777ms] [ERROR] WebSocket connection to 'ws://localhost:8090/ws' failed: Error during WebSocket handshake: Unexpected response code: 404 @ http://localhost:8090/tribe-v2-playground.html:1557
[ 1216786ms] [ERROR] WebSocket connection to 'ws://localhost:8090/ws' failed: Error during WebSocket handshake: Unexpected response code: 404 @ http://localhost:8090/tribe-v2-playground.html:1557
[ 1218799ms] [ERROR] WebSocket connection to 'ws://localhost:8090/ws' failed: Error during WebSocket handshake: Unexpected response code: 404 @ http://localhost:8090/tribe-v2-playground.html:1557
[ 1220832ms] [ERROR] WebSocket connection to 'ws://localhost:8090/ws' failed: Error during WebSocket handshake: Unexpected response code: 404 @ http://localhost:8090/tribe-v2-playground.html:1557
[ 1222895ms] [ERROR] WebSocket connection to 'ws://localhost:8090/ws' failed: Error during WebSocket handshake: Unexpected response code: 404 @ http://localhost:8090/tribe-v2-playground.html:1557
[ 1225011ms] [ERROR] WebSocket connection to 'ws://localhost:8090/ws' failed: Error during WebSocket handshake: Unexpected response code: 404 @ http://localhost:8090/tribe-v2-playground.html:1557
[ 1227146ms] [ERROR] WebSocket connection to 'ws://localhost:8090/ws' failed: Error during WebSocket handshake: Unexpected response code: 404 @ http://localhost:8090/tribe-v2-playground.html:1557
[ 1229365ms] [ERROR] WebSocket connection to 'ws://localhost:8090/ws' failed: Error during WebSocket handshake: Unexpected response code: 404 @ http://localhost:8090/tribe-v2-playground.html:1557
[ 1232170ms] [ERROR] WebSocket connection to 'ws://localhost:8090/ws' failed: Error during WebSocket handshake: Unexpected response code: 404 @ http://localhost:8090/tribe-v2-playground.html:1557
[ 1236175ms] [ERROR] WebSocket connection to 'ws://localhost:8090/ws' failed: Error during WebSocket handshake: Unexpected response code: 404 @ http://localhost:8090/tribe-v2-playground.html:1557
[ 1242988ms] [ERROR] WebSocket connection to 'ws://localhost:8090/ws' failed: Error during WebSocket handshake: Unexpected response code: 404 @ http://localhost:8090/tribe-v2-playground.html:1557
[ 1249125ms] [ERROR] WebSocket connection to 'ws://localhost:8090/ws' failed: Error during WebSocket handshake: Unexpected response code: 404 @ http://localhost:8090/tribe-v2-playground.html:1557
[ 1253909ms] [ERROR] WebSocket connection to 'ws://localhost:8090/ws' failed: Error during WebSocket handshake: Unexpected response code: 404 @ http://localhost:8090/tribe-v2-playground.html:1557
[ 1260305ms] [ERROR] WebSocket connection to 'ws://localhost:8090/ws' failed: Error during WebSocket handshake: Unexpected response code: 404 @ http://localhost:8090/tribe-v2-playground.html:1557
[ 1263578ms] [ERROR] WebSocket connection to 'ws://localhost:8090/ws' failed: Error during WebSocket handshake: Unexpected response code: 404 @ http://localhost:8090/tribe-v2-playground.html:1557
[ 1268095ms] [ERROR] WebSocket connection to 'ws://localhost:8090/ws' failed: Error during WebSocket handshake: Unexpected response code: 404 @ http://localhost:8090/tribe-v2-playground.html:1557
[ 1271371ms] [ERROR] WebSocket connection to 'ws://localhost:8090/ws' failed: Error during WebSocket handshake: Unexpected response code: 404 @ http://localhost:8090/tribe-v2-playground.html:1557
[ 1275583ms] [ERROR] WebSocket connection to 'ws://localhost:8090/ws' failed: Error during WebSocket handshake: Unexpected response code: 404 @ http://localhost:8090/tribe-v2-playground.html:1557
[ 1281901ms] [ERROR] WebSocket connection to 'ws://localhost:8090/ws' failed: Error during WebSocket handshake: Unexpected response code: 404 @ http://localhost:8090/tribe-v2-playground.html:1557
[ 1286005ms] [ERROR] WebSocket connection to 'ws://localhost:8090/ws' failed: Error during WebSocket handshake: Unexpected response code: 404 @ http://localhost:8090/tribe-v2-playground.html:1557
[ 1289296ms] [ERROR] WebSocket connection to 'ws://localhost:8090/ws' failed: Error during WebSocket handshake: Unexpected response code: 404 @ http://localhost:8090/tribe-v2-playground.html:1557
[ 1295603ms] [ERROR] WebSocket connection to 'ws://localhost:8090/ws' failed: Error during WebSocket handshake: Unexpected response code: 404 @ http://localhost:8090/tribe-v2-playground.html:1557
[ 1299452ms] [ERROR] WebSocket connection to 'ws://localhost:8090/ws' failed: Error during WebSocket handshake: Unexpected response code: 404 @ http://localhost:8090/tribe-v2-playground.html:1557
[ 1304170ms] [ERROR] WebSocket connection to 'ws://localhost:8090/ws' failed: Error during WebSocket handshake: Unexpected response code: 404 @ http://localhost:8090/tribe-v2-playground.html:1557
[ 1307577ms] [ERROR] WebSocket connection to 'ws://localhost:8090/ws' failed: Error during WebSocket handshake: Unexpected response code: 404 @ http://localhost:8090/tribe-v2-playground.html:1557
[ 1311034ms] [ERROR] WebSocket connection to 'ws://localhost:8090/ws' failed: Error during WebSocket handshake: Unexpected response code: 404 @ http://localhost:8090/tribe-v2-playground.html:1557
[ 1315589ms] [ERROR] WebSocket connection to 'ws://localhost:8090/ws' failed: Error during WebSocket handshake: Unexpected response code: 404 @ http://localhost:8090/tribe-v2-playground.html:1557
[ 1321514ms] [ERROR] WebSocket connection to 'ws://localhost:8090/ws' failed: Error during WebSocket handshake: Unexpected response code: 404 @ http://localhost:8090/tribe-v2-playground.html:1557
[ 1327237ms] [ERROR] WebSocket connection to 'ws://localhost:8090/ws' failed: Error during WebSocket handshake: Unexpected response code: 404 @ http://localhost:8090/tribe-v2-playground.html:1557
[ 1332714ms] [ERROR] WebSocket connection to 'ws://localhost:8090/ws' failed: Error during WebSocket handshake: Unexpected response code: 404 @ http://localhost:8090/tribe-v2-playground.html:1557
[ 1337414ms] [ERROR] WebSocket connection to 'ws://localhost:8090/ws' failed: Error during WebSocket handshake: Unexpected response code: 404 @ http://localhost:8090/tribe-v2-playground.html:1557
[ 1342490ms] [ERROR] WebSocket connection to 'ws://localhost:8090/ws' failed: Error during WebSocket handshake: Unexpected response code: 404 @ http://localhost:8090/tribe-v2-playground.html:1557
[ 1347850ms] [ERROR] WebSocket connection to 'ws://localhost:8090/ws' failed: Error during WebSocket handshake: Unexpected response code: 404 @ http://localhost:8090/tribe-v2-playground.html:1557
[ 1354410ms] [ERROR] WebSocket connection to 'ws://localhost:8090/ws' failed: Error during WebSocket handshake: Unexpected response code: 404 @ http://localhost:8090/tribe-v2-playground.html:1557
[ 1361216ms] [ERROR] WebSocket connection to 'ws://localhost:8090/ws' failed: Error during WebSocket handshake: Unexpected response code: 404 @ http://localhost:8090/tribe-v2-playground.html:1557
[ 1367263ms] [ERROR] WebSocket connection to 'ws://localhost:8090/ws' failed: Error during WebSocket handshake: Unexpected response code: 404 @ http://localhost:8090/tribe-v2-playground.html:1557
[ 1372369ms] [ERROR] WebSocket connection to 'ws://localhost:8090/ws' failed: Error during WebSocket handshake: Unexpected response code: 404 @ http://localhost:8090/tribe-v2-playground.html:1557
[ 1375561ms] [ERROR] WebSocket connection to 'ws://localhost:8090/ws' failed: Error during WebSocket handshake: Unexpected response code: 404 @ http://localhost:8090/tribe-v2-playground.html:1557
[ 1382203ms] [ERROR] WebSocket connection to 'ws://localhost:8090/ws' failed: Error during WebSocket handshake: Unexpected response code: 404 @ http://localhost:8090/tribe-v2-playground.html:1557
[ 1388875ms] [ERROR] WebSocket connection to 'ws://localhost:8090/ws' failed: Error during WebSocket handshake: Unexpected response code: 404 @ http://localhost:8090/tribe-v2-playground.html:1557
[ 1394837ms] [ERROR] WebSocket connection to 'ws://localhost:8090/ws' failed: Error during WebSocket handshake: Unexpected response code: 404 @ http://localhost:8090/tribe-v2-playground.html:1557
[ 1400010ms] [ERROR] WebSocket connection to 'ws://localhost:8090/ws' failed: Error during WebSocket handshake: Unexpected response code: 404 @ http://localhost:8090/tribe-v2-playground.html:1557
[ 1404007ms] [ERROR] WebSocket connection to 'ws://localhost:8090/ws' failed: Error during WebSocket handshake: Unexpected response code: 404 @ http://localhost:8090/tribe-v2-playground.html:1557
[ 1410309ms] [ERROR] WebSocket connection to 'ws://localhost:8090/ws' failed: Error during WebSocket handshake: Unexpected response code: 404 @ http://localhost:8090/tribe-v2-playground.html:1557
[ 1416911ms] [ERROR] WebSocket connection to 'ws://localhost:8090/ws' failed: Error during WebSocket handshake: Unexpected response code: 404 @ http://localhost:8090/tribe-v2-playground.html:1557
[ 1422593ms] [ERROR] WebSocket connection to 'ws://localhost:8090/ws' failed: Error during WebSocket handshake: Unexpected response code: 404 @ http://localhost:8090/tribe-v2-playground.html:1557
[ 1428532ms] [ERROR] WebSocket connection to 'ws://localhost:8090/ws' failed: Error during WebSocket handshake: Unexpected response code: 404 @ http://localhost:8090/tribe-v2-playground.html:1557
[ 1435348ms] [ERROR] WebSocket connection to 'ws://localhost:8090/ws' failed: Error during WebSocket handshake: Unexpected response code: 404 @ http://localhost:8090/tribe-v2-playground.html:1557
[ 1438655ms] [ERROR] WebSocket connection to 'ws://localhost:8090/ws' failed: Error during WebSocket handshake: Unexpected response code: 404 @ http://localhost:8090/tribe-v2-playground.html:1557
[ 1445426ms] [ERROR] WebSocket connection to 'ws://localhost:8090/ws' failed: Error during WebSocket handshake: Unexpected response code: 404 @ http://localhost:8090/tribe-v2-playground.html:1557
[ 1452431ms] [ERROR] WebSocket connection to 'ws://localhost:8090/ws' failed: Error during WebSocket handshake: Unexpected response code: 404 @ http://localhost:8090/tribe-v2-playground.html:1557
[ 1458042ms] [ERROR] WebSocket connection to 'ws://localhost:8090/ws' failed: Error during WebSocket handshake: Unexpected response code: 404 @ http://localhost:8090/tribe-v2-playground.html:1557
[ 1461664ms] [ERROR] WebSocket connection to 'ws://localhost:8090/ws' failed: Error during WebSocket handshake: Unexpected response code: 404 @ http://localhost:8090/tribe-v2-playground.html:1557
[ 1464764ms] [ERROR] WebSocket connection to 'ws://localhost:8090/ws' failed: Error during WebSocket handshake: Unexpected response code: 404 @ http://localhost:8090/tribe-v2-playground.html:1557
[ 1468362ms] [ERROR] WebSocket connection to 'ws://localhost:8090/ws' failed: Error during WebSocket handshake: Unexpected response code: 404 @ http://localhost:8090/tribe-v2-playground.html:1557
[ 1471679ms] [ERROR] WebSocket connection to 'ws://localhost:8090/ws' failed: Error during WebSocket handshake: Unexpected response code: 404 @ http://localhost:8090/tribe-v2-playground.html:1557
[ 1475071ms] [ERROR] WebSocket connection to 'ws://localhost:8090/ws' failed: Error during WebSocket handshake: Unexpected response code: 404 @ http://localhost:8090/tribe-v2-playground.html:1557
[ 1478519ms] [ERROR] WebSocket connection to 'ws://localhost:8090/ws' failed: Error during WebSocket handshake: Unexpected response code: 404 @ http://localhost:8090/tribe-v2-playground.html:1557
[ 1483749ms] [ERROR] WebSocket connection to 'ws://localhost:8090/ws' failed: Error during WebSocket handshake: Unexpected response code: 404 @ http://localhost:8090/tribe-v2-playground.html:1557
[ 1489317ms] [ERROR] WebSocket connection to 'ws://localhost:8090/ws' failed: Error during WebSocket handshake: Unexpected response code: 404 @ http://localhost:8090/tribe-v2-playground.html:1557
[ 1493071ms] [ERROR] WebSocket connection to 'ws://localhost:8090/ws' failed: Error during WebSocket handshake: Unexpected response code: 404 @ http://localhost:8090/tribe-v2-playground.html:1557
[ 1498469ms] [ERROR] WebSocket connection to 'ws://localhost:8090/ws' failed: Error during WebSocket handshake: Unexpected response code: 404 @ http://localhost:8090/tribe-v2-playground.html:1557
[ 1504256ms] [ERROR] WebSocket connection to 'ws://localhost:8090/ws' failed: Error during WebSocket handshake: Unexpected response code: 404 @ http://localhost:8090/tribe-v2-playground.html:1557
[ 1508903ms] [ERROR] WebSocket connection to 'ws://localhost:8090/ws' failed: Error during WebSocket handshake: Unexpected response code: 404 @ http://localhost:8090/tribe-v2-playground.html:1557
[ 1512261ms] [ERROR] WebSocket connection to 'ws://localhost:8090/ws' failed: Error during WebSocket handshake: Unexpected response code: 404 @ http://localhost:8090/tribe-v2-playground.html:1557
[ 1515299ms] [ERROR] WebSocket connection to 'ws://localhost:8090/ws' failed: Error during WebSocket handshake: Unexpected response code: 404 @ http://localhost:8090/tribe-v2-playground.html:1557
[ 1521973ms] [ERROR] WebSocket connection to 'ws://localhost:8090/ws' failed: Error during WebSocket handshake: Unexpected response code: 404 @ http://localhost:8090/tribe-v2-playground.html:1557
[ 1528400ms] [ERROR] WebSocket connection to 'ws://localhost:8090/ws' failed: Error during WebSocket handshake: Unexpected response code: 404 @ http://localhost:8090/tribe-v2-playground.html:1557
[ 1532549ms] [ERROR] WebSocket connection to 'ws://localhost:8090/ws' failed: Error during WebSocket handshake: Unexpected response code: 404 @ http://localhost:8090/tribe-v2-playground.html:1557
[ 1539235ms] [ERROR] WebSocket connection to 'ws://localhost:8090/ws' failed: Error during WebSocket handshake: Unexpected response code: 404 @ http://localhost:8090/tribe-v2-playground.html:1557
[ 1544746ms] [ERROR] WebSocket connection to 'ws://localhost:8090/ws' failed: Error during WebSocket handshake: Unexpected response code: 404 @ http://localhost:8090/tribe-v2-playground.html:1557
[ 1551482ms] [ERROR] WebSocket connection to 'ws://localhost:8090/ws' failed: Error during WebSocket handshake: Unexpected response code: 404 @ http://localhost:8090/tribe-v2-playground.html:1557
[ 1555285ms] [ERROR] WebSocket connection to 'ws://localhost:8090/ws' failed: Error during WebSocket handshake: Unexpected response code: 404 @ http://localhost:8090/tribe-v2-playground.html:1557
[ 1558868ms] [ERROR] WebSocket connection to 'ws://localhost:8090/ws' failed: Error during WebSocket handshake: Unexpected response code: 404 @ http://localhost:8090/tribe-v2-playground.html:1557
[ 1563510ms] [ERROR] WebSocket connection to 'ws://localhost:8090/ws' failed: Error during WebSocket handshake: Unexpected response code: 404 @ http://localhost:8090/tribe-v2-playground.html:1557
[ 1565514ms] [ERROR] WebSocket connection to 'ws://localhost:8090/ws' failed: Error during WebSocket handshake: Unexpected response code: 404 @ http://localhost:8090/tribe-v2-playground.html:1557
[ 1567519ms] [ERROR] WebSocket connection to 'ws://localhost:8090/ws' failed: Error during WebSocket handshake: Unexpected response code: 404 @ http://localhost:8090/tribe-v2-playground.html:1557
[ 1569524ms] [ERROR] WebSocket connection to 'ws://localhost:8090/ws' failed: Error during WebSocket handshake: Unexpected response code: 404 @ http://localhost:8090/tribe-v2-playground.html:1557
[ 1571528ms] [ERROR] WebSocket connection to 'ws://localhost:8090/ws' failed: Error during WebSocket handshake: Unexpected response code: 404 @ http://localhost:8090/tribe-v2-playground.html:1557
[ 1573534ms] [ERROR] WebSocket connection to 'ws://localhost:8090/ws' failed: Error during WebSocket handshake: Unexpected response code: 404 @ http://localhost:8090/tribe-v2-playground.html:1557
[ 1575543ms] [ERROR] WebSocket connection to 'ws://localhost:8090/ws' failed: Error during WebSocket handshake: Unexpected response code: 404 @ http://localhost:8090/tribe-v2-playground.html:1557
[ 1577554ms] [ERROR] WebSocket connection to 'ws://localhost:8090/ws' failed: Error during WebSocket handshake: Unexpected response code: 404 @ http://localhost:8090/tribe-v2-playground.html:1557
[ 1579569ms] [ERROR] WebSocket connection to 'ws://localhost:8090/ws' failed: Error during WebSocket handshake: Unexpected response code: 404 @ http://localhost:8090/tribe-v2-playground.html:1557
[ 1581609ms] [ERROR] WebSocket connection to 'ws://localhost:8090/ws' failed: Error during WebSocket handshake: Unexpected response code: 404 @ http://localhost:8090/tribe-v2-playground.html:1557
[ 1583650ms] [ERROR] WebSocket connection to 'ws://localhost:8090/ws' failed: Error during WebSocket handshake: Unexpected response code: 404 @ http://localhost:8090/tribe-v2-playground.html:1557
[ 1585736ms] [ERROR] WebSocket connection to 'ws://localhost:8090/ws' failed: Error during WebSocket handshake: Unexpected response code: 404 @ http://localhost:8090/tribe-v2-playground.html:1557
[ 1587877ms] [ERROR] WebSocket connection to 'ws://localhost:8090/ws' failed: Error during WebSocket handshake: Unexpected response code: 404 @ http://localhost:8090/tribe-v2-playground.html:1557
[ 1590312ms] [ERROR] WebSocket connection to 'ws://localhost:8090/ws' failed: Error during WebSocket handshake: Unexpected response code: 404 @ http://localhost:8090/tribe-v2-playground.html:1557
[ 1593524ms] [ERROR] WebSocket connection to 'ws://localhost:8090/ws' failed: Error during WebSocket handshake: Unexpected response code: 404 @ http://localhost:8090/tribe-v2-playground.html:1557
[ 1598016ms] [ERROR] WebSocket connection to 'ws://localhost:8090/ws' failed: Error during WebSocket handshake: Unexpected response code: 404 @ http://localhost:8090/tribe-v2-playground.html:1557
[ 1604672ms] [ERROR] WebSocket connection to 'ws://localhost:8090/ws' failed: Error during WebSocket handshake: Unexpected response code: 404 @ http://localhost:8090/tribe-v2-playground.html:1557
[ 1609543ms] [ERROR] WebSocket connection to 'ws://localhost:8090/ws' failed: Error during WebSocket handshake: Unexpected response code: 404 @ http://localhost:8090/tribe-v2-playground.html:1557
[ 1616464ms] [ERROR] WebSocket connection to 'ws://localhost:8090/ws' failed: Error during WebSocket handshake: Unexpected response code: 404 @ http://localhost:8090/tribe-v2-playground.html:1557
[ 1621389ms] [ERROR] WebSocket connection to 'ws://localhost:8090/ws' failed: Error during WebSocket handshake: Unexpected response code: 404 @ http://localhost:8090/tribe-v2-playground.html:1557
[ 1624771ms] [ERROR] WebSocket connection to 'ws://localhost:8090/ws' failed: Error during WebSocket handshake: Unexpected response code: 404 @ http://localhost:8090/tribe-v2-playground.html:1557
