[      48ms] [ERROR] WebSocket connection to 'ws://localhost:8090/ws' failed: Error during WebSocket handshake: Unexpected response code: 404 @ http://localhost:8090/tribe-v2-playground.html:1563
[    2055ms] [ERROR] WebSocket connection to 'ws://localhost:8090/ws' failed: Error during WebSocket handshake: Unexpected response code: 404 @ http://localhost:8090/tribe-v2-playground.html:1563
[    4057ms] [ERROR] WebSocket connection to 'ws://localhost:8090/ws' failed: Error during WebSocket handshake: Unexpected response code: 404 @ http://localhost:8090/tribe-v2-playground.html:1563
[    6060ms] [ERROR] WebSocket connection to 'ws://localhost:8090/ws' failed: Error during WebSocket handshake: Unexpected response code: 404 @ http://localhost:8090/tribe-v2-playground.html:1563
[    8070ms] [ERROR] WebSocket connection to 'ws://localhost:8090/ws' failed: Error during WebSocket handshake: Unexpected response code: 404 @ http://localhost:8090/tribe-v2-playground.html:1563
[   10073ms] [ERROR] WebSocket connection to 'ws://localhost:8090/ws' failed: Error during WebSocket handshake: Unexpected response code: 404 @ http://localhost:8090/tribe-v2-playground.html:1563
[   12085ms] [ERROR] WebSocket connection to 'ws://localhost:8090/ws' failed: Error during WebSocket handshake: Unexpected response code: 404 @ http://localhost:8090/tribe-v2-playground.html:1563
[   14106ms] [ERROR] WebSocket connection to 'ws://localhost:8090/ws' failed: Error during WebSocket handshake: Unexpected response code: 404 @ http://localhost:8090/tribe-v2-playground.html:1563
[   16152ms] [ERROR] WebSocket connection to 'ws://localhost:8090/ws' failed: Error during WebSocket handshake: Unexpected response code: 404 @ http://localhost:8090/tribe-v2-playground.html:1563
[   18177ms] [ERROR] WebSocket connection to 'ws://localhost:8090/ws' failed: Error during WebSocket handshake: Unexpected response code: 404 @ http://localhost:8090/tribe-v2-playground.html:1563
[   20253ms] [ERROR] WebSocket connection to 'ws://localhost:8090/ws' failed: Error during WebSocket handshake: Unexpected response code: 404 @ http://localhost:8090/tribe-v2-playground.html:1563
[   22407ms] [ERROR] WebSocket connection to 'ws://localhost:8090/ws' failed: Error during WebSocket handshake: Unexpected response code: 404 @ http://localhost:8090/tribe-v2-playground.html:1563
[   25036ms] [ERROR] WebSocket connection to 'ws://localhost:8090/ws' failed: Error during WebSocket handshake: Unexpected response code: 404 @ http://localhost:8090/tribe-v2-playground.html:1563
[   27474ms] [ERROR] WebSocket connection to 'ws://localhost:8090/ws' failed: Error during WebSocket handshake: Unexpected response code: 404 @ http://localhost:8090/tribe-v2-playground.html:1563
[   30747ms] [ERROR] WebSocket connection to 'ws://localhost:8090/ws' failed: Error during WebSocket handshake: Unexpected response code: 404 @ http://localhost:8090/tribe-v2-playground.html:1563
[   35242ms] [ERROR] WebSocket connection to 'ws://localhost:8090/ws' failed: Error during WebSocket handshake: Unexpected response code: 404 @ http://localhost:8090/tribe-v2-playground.html:1563
[   38686ms] [ERROR] WebSocket connection to 'ws://localhost:8090/ws' failed: Error during WebSocket handshake: Unexpected response code: 404 @ http://localhost:8090/tribe-v2-playground.html:1563
[   42007ms] [ERROR] WebSocket connection to 'ws://localhost:8090/ws' failed: Error during WebSocket handshake: Unexpected response code: 404 @ http://localhost:8090/tribe-v2-playground.html:1563
[   46942ms] [ERROR] WebSocket connection to 'ws://localhost:8090/ws' failed: Error during WebSocket handshake: Unexpected response code: 404 @ http://localhost:8090/tribe-v2-playground.html:1563
[   53194ms] [ERROR] WebSocket connection to 'ws://localhost:8090/ws' failed: Error during WebSocket handshake: Unexpected response code: 404 @ http://localhost:8090/tribe-v2-playground.html:1563
[   56236ms] [ERROR] WebSocket connection to 'ws://localhost:8090/ws' failed: Error during WebSocket handshake: Unexpected response code: 404 @ http://localhost:8090/tribe-v2-playground.html:1563
[   61239ms] [ERROR] WebSocket connection to 'ws://localhost:8090/ws' failed: Error during WebSocket handshake: Unexpected response code: 404 @ http://localhost:8090/tribe-v2-playground.html:1563
[   68206ms] [ERROR] WebSocket connection to 'ws://localhost:8090/ws' failed: Error during WebSocket handshake: Unexpected response code: 404 @ http://localhost:8090/tribe-v2-playground.html:1563
[   72355ms] [ERROR] Failed to load resource: the server responded with a status of 501 (Unsupported method ('POST')) @ http://localhost:8090/api/predict:0
[   72355ms] [ERROR] [tribe] predict error: HTTP 501 @ http://localhost:8090/tribe-v2-playground.html:1652
[   73738ms] [ERROR] WebSocket connection to 'ws://localhost:8090/ws' failed: Error during WebSocket handshake: Unexpected response code: 404 @ http://localhost:8090/tribe-v2-playground.html:1563
[   77387ms] [ERROR] WebSocket connection to 'ws://localhost:8090/ws' failed: Error during WebSocket handshake: Unexpected response code: 404 @ http://localhost:8090/tribe-v2-playground.html:1563
[   81887ms] [ERROR] WebSocket connection to 'ws://localhost:8090/ws' failed: Error during WebSocket handshake: Unexpected response code: 404 @ http://localhost:8090/tribe-v2-playground.html:1563
[   87274ms] [ERROR] WebSocket connection to 'ws://localhost:8090/ws' failed: Error during WebSocket handshake: Unexpected response code: 404 @ http://localhost:8090/tribe-v2-playground.html:1563
[   91958ms] [ERROR] WebSocket connection to 'ws://localhost:8090/ws' failed: Error during WebSocket handshake: Unexpected response code: 404 @ http://localhost:8090/tribe-v2-playground.html:1563
[   98743ms] [ERROR] WebSocket connection to 'ws://localhost:8090/ws' failed: Error during WebSocket handshake: Unexpected response code: 404 @ http://localhost:8090/tribe-v2-playground.html:1563
[  102203ms] [ERROR] WebSocket connection to 'ws://localhost:8090/ws' failed: Error during WebSocket handshake: Unexpected response code: 404 @ http://localhost:8090/tribe-v2-playground.html:1563
[  108507ms] [ERROR] WebSocket connection to 'ws://localhost:8090/ws' failed: Error during WebSocket handshake: Unexpected response code: 404 @ http://localhost:8090/tribe-v2-playground.html:1563
[  113589ms] [ERROR] WebSocket connection to 'ws://localhost:8090/ws' failed: Error during WebSocket handshake: Unexpected response code: 404 @ http://localhost:8090/tribe-v2-playground.html:1563
[  120320ms] [ERROR] WebSocket connection to 'ws://localhost:8090/ws' failed: Error during WebSocket handshake: Unexpected response code: 404 @ http://localhost:8090/tribe-v2-playground.html:1563
[  122508ms] [ERROR] Failed to load resource: the server responded with a status of 501 (Unsupported method ('POST')) @ http://localhost:8090/api/predict:0
[  122509ms] [ERROR] [tribe] predict error: HTTP 501 @ http://localhost:8090/tribe-v2-playground.html:1652
[  124063ms] [ERROR] WebSocket connection to 'ws://localhost:8090/ws' failed: Error during WebSocket handshake: Unexpected response code: 404 @ http://localhost:8090/tribe-v2-playground.html:1563
[  130856ms] [ERROR] WebSocket connection to 'ws://localhost:8090/ws' failed: Error during WebSocket handshake: Unexpected response code: 404 @ http://localhost:8090/tribe-v2-playground.html:1563
[  135929ms] [ERROR] WebSocket connection to 'ws://localhost:8090/ws' failed: Error during WebSocket handshake: Unexpected response code: 404 @ http://localhost:8090/tribe-v2-playground.html:1563
[  142923ms] [ERROR] WebSocket connection to 'ws://localhost:8090/ws' failed: Error during WebSocket handshake: Unexpected response code: 404 @ http://localhost:8090/tribe-v2-playground.html:1563
[  147802ms] [ERROR] WebSocket connection to 'ws://localhost:8090/ws' failed: Error during WebSocket handshake: Unexpected response code: 404 @ http://localhost:8090/tribe-v2-playground.html:1563
[  153536ms] [ERROR] WebSocket connection to 'ws://localhost:8090/ws' failed: Error during WebSocket handshake: Unexpected response code: 404 @ http://localhost:8090/tribe-v2-playground.html:1563
[  159462ms] [ERROR] WebSocket connection to 'ws://localhost:8090/ws' failed: Error during WebSocket handshake: Unexpected response code: 404 @ http://localhost:8090/tribe-v2-playground.html:1563
[  164006ms] [ERROR] WebSocket connection to 'ws://localhost:8090/ws' failed: Error during WebSocket handshake: Unexpected response code: 404 @ http://localhost:8090/tribe-v2-playground.html:1563
[  169670ms] [ERROR] WebSocket connection to 'ws://localhost:8090/ws' failed: Error during WebSocket handshake: Unexpected response code: 404 @ http://localhost:8090/tribe-v2-playground.html:1563
[  172820ms] [ERROR] WebSocket connection to 'ws://localhost:8090/ws' failed: Error during WebSocket handshake: Unexpected response code: 404 @ http://localhost:8090/tribe-v2-playground.html:1563
[  178556ms] [ERROR] WebSocket connection to 'ws://localhost:8090/ws' failed: Error during WebSocket handshake: Unexpected response code: 404 @ http://localhost:8090/tribe-v2-playground.html:1563
[  184253ms] [ERROR] WebSocket connection to 'ws://localhost:8090/ws' failed: Error during WebSocket handshake: Unexpected response code: 404 @ http://localhost:8090/tribe-v2-playground.html:1563
[  189552ms] [ERROR] WebSocket connection to 'ws://localhost:8090/ws' failed: Error during WebSocket handshake: Unexpected response code: 404 @ http://localhost:8090/tribe-v2-playground.html:1563
[  194223ms] [ERROR] WebSocket connection to 'ws://localhost:8090/ws' failed: Error during WebSocket handshake: Unexpected response code: 404 @ http://localhost:8090/tribe-v2-playground.html:1563
[  200826ms] [ERROR] WebSocket connection to 'ws://localhost:8090/ws' failed: Error during WebSocket handshake: Unexpected response code: 404 @ http://localhost:8090/tribe-v2-playground.html:1563
[  203903ms] [ERROR] WebSocket connection to 'ws://localhost:8090/ws' failed: Error during WebSocket handshake: Unexpected response code: 404 @ http://localhost:8090/tribe-v2-playground.html:1563
[  210795ms] [ERROR] WebSocket connection to 'ws://localhost:8090/ws' failed: Error during WebSocket handshake: Unexpected response code: 404 @ http://localhost:8090/tribe-v2-playground.html:1563
[  215123ms] [ERROR] WebSocket connection to 'ws://localhost:8090/ws' failed: Error during WebSocket handshake: Unexpected response code: 404 @ http://localhost:8090/tribe-v2-playground.html:1563
[  220509ms] [ERROR] WebSocket connection to 'ws://localhost:8090/ws' failed: Error during WebSocket handshake: Unexpected response code: 404 @ http://localhost:8090/tribe-v2-playground.html:1563
[  224457ms] [ERROR] WebSocket connection to 'ws://localhost:8090/ws' failed: Error during WebSocket handshake: Unexpected response code: 404 @ http://localhost:8090/tribe-v2-playground.html:1563
[  229526ms] [ERROR] WebSocket connection to 'ws://localhost:8090/ws' failed: Error during WebSocket handshake: Unexpected response code: 404 @ http://localhost:8090/tribe-v2-playground.html:1563
[  234435ms] [ERROR] WebSocket connection to 'ws://localhost:8090/ws' failed: Error during WebSocket handshake: Unexpected response code: 404 @ http://localhost:8090/tribe-v2-playground.html:1563
[  237793ms] [ERROR] WebSocket connection to 'ws://localhost:8090/ws' failed: Error during WebSocket handshake: Unexpected response code: 404 @ http://localhost:8090/tribe-v2-playground.html:1563
[  242960ms] [ERROR] WebSocket connection to 'ws://localhost:8090/ws' failed: Error during WebSocket handshake: Unexpected response code: 404 @ http://localhost:8090/tribe-v2-playground.html:1563
[  247669ms] [ERROR] WebSocket connection to 'ws://localhost:8090/ws' failed: Error during WebSocket handshake: Unexpected response code: 404 @ http://localhost:8090/tribe-v2-playground.html:1563
[  253573ms] [ERROR] WebSocket connection to 'ws://localhost:8090/ws' failed: Error during WebSocket handshake: Unexpected response code: 404 @ http://localhost:8090/tribe-v2-playground.html:1563
[  260522ms] [ERROR] WebSocket connection to 'ws://localhost:8090/ws' failed: Error during WebSocket handshake: Unexpected response code: 404 @ http://localhost:8090/tribe-v2-playground.html:1563
[  266643ms] [ERROR] WebSocket connection to 'ws://localhost:8090/ws' failed: Error during WebSocket handshake: Unexpected response code: 404 @ http://localhost:8090/tribe-v2-playground.html:1563
[  273360ms] [ERROR] WebSocket connection to 'ws://localhost:8090/ws' failed: Error during WebSocket handshake: Unexpected response code: 404 @ http://localhost:8090/tribe-v2-playground.html:1563
[  278356ms] [ERROR] WebSocket connection to 'ws://localhost:8090/ws' failed: Error during WebSocket handshake: Unexpected response code: 404 @ http://localhost:8090/tribe-v2-playground.html:1563
[  285013ms] [ERROR] WebSocket connection to 'ws://localhost:8090/ws' failed: Error during WebSocket handshake: Unexpected response code: 404 @ http://localhost:8090/tribe-v2-playground.html:1563
